11:23:04.992 [main] INFO  api.tests.TestPostUser - Serializing User object...
11:23:05.231 [main] INFO  api.tests.TestPostUser - Serialized User JSON: {"email":"page.white@gmail.com","gender":"male","status":"active","name":"perry.schinner"}
11:23:11.685 [main] INFO  api.tests.TestPostUser - User Created: 7651177
11:23:11.719 [main] INFO  api.tests.TestGetUserById - Fetching User Info for ID: 7651177
11:23:13.600 [main] INFO  api.tests.TestUpdateUserById - Updating User...
11:23:15.418 [main] INFO  api.tests.TestDeleteUserById - Deleting User...
11:23:16.876 [main] INFO  api.tests.TestDeleteUserById - User deleted successfully with ID: 7651177
11:24:47.627 [main] INFO  api.tests.TestPostUser - Serializing User object...
11:24:47.883 [main] INFO  api.tests.TestPostUser - Serialized User JSON: {"email":"edyth.labadie@gmail.com","gender":"female","status":"inactive","name":"josue.kub"}
11:24:50.964 [main] INFO  api.tests.TestPostUser - User Created: 7651178
11:24:50.991 [main] INFO  api.tests.TestGetUserById - Fetching User Info for ID: 7651178
11:24:52.650 [main] INFO  api.tests.TestUpdateUserById - Updating User...
11:24:54.959 [main] INFO  api.tests.TestDeleteUserById - Deleting User...
11:24:56.256 [main] INFO  api.tests.TestDeleteUserById - User deleted successfully with ID: 7651178
11:32:29.056 [main] INFO  api.tests.TestPostUser - Serializing User object...
11:32:29.284 [main] INFO  api.tests.TestPostUser - Serialized User JSON: {"email":"maximo.weber@hotmail.com","gender":"male","status":"inactive","name":"eun.kihn"}
11:32:35.152 [main] INFO  api.tests.TestPostUser - User Created: 7651183
11:32:35.466 [main] INFO  api.tests.TestGetUserById - Fetching User Info for ID: 7651183
11:32:37.057 [main] INFO  api.tests.TestUpdateUserById - Updating User...
11:32:38.706 [main] INFO  api.tests.TestDeleteUserById - Deleting User...
11:32:40.131 [main] INFO  api.tests.TestDeleteUserById - User deleted successfully with ID: 7651183
12:59:43.633 [main] INFO  api.tests.TestPostUser - Serializing User object...
12:59:43.911 [main] INFO  api.tests.TestPostUser - Serialized User JSON: {"email":"nathan.bahringer@gmail.com","gender":"female","status":"active","name":"domingo.durgan"}
12:59:47.510 [main] INFO  api.tests.TestPostUser - User Created: 7651502
12:59:47.875 [main] INFO  api.tests.TestGetUserById - Fetching User Info for ID: 7651502
12:59:49.651 [main] INFO  api.tests.TestUpdateUserById - Updating User...
12:59:52.699 [main] INFO  api.tests.TestDeleteUserById - Deleting User...
12:59:54.541 [main] INFO  api.tests.TestDeleteUserById - User deleted successfully with ID: 7651502
